# JRE version: OpenJDK Runtime Environment Temurin-17.0.2+8 (17.0.2+8) (build 17.0.2+8)
# Java VM: OpenJDK 64-Bit Server VM Temurin-17.0.2+8 (17.0.2+8, mixed mode, tiered, compressed oops, compressed class ptrs, g1 gc, windows-amd64)
GC Precious Log:
 CPUs: 2 total, 2 available
 Memory: 7629M
 Large Page Support: Disabled
 NUMA Support: Disabled
 Compressed Oops: Enabled (32-bit)
 Heap Region Size: 1M
 Heap Min Capacity: 8M
 Heap Initial Capacity: 120M
 Heap Max Capacity: 1908M
 Pre-touch: Disabled
 Parallel Workers: 2
 Concurrent Workers: 1
 Concurrent Refinement Workers: 2
 Periodic GC: Disabled
Heap:
 garbage-first heap   total 64512K, used 48128K [0x0000000088c00000, 0x0000000100000000)
  region size 1024K, 21 young (21504K), 2 survivors (2048K)
 Metaspace       used 66943K, committed 67328K, reserved 1114112K
  class space    used 8597K, committed 8768K, reserved 1048576K
GC Heap History (20 events):
Event: 18.691 GC heap before
{Heap before GC invocations=15 (full 0):
 garbage-first heap   total 48128K, used 36401K [0x0000000088c00000, 0x0000000100000000)
  region size 1024K, 17 young (17408K), 3 survivors (3072K)
 Metaspace       used 50511K, committed 50816K, reserved 1097728K
  class space    used 6272K, committed 6400K, reserved 1048576K
}
Event: 18.702 GC heap after
{Heap after GC invocations=16 (full 0):
 garbage-first heap   total 48128K, used 23529K [0x0000000088c00000, 0x0000000100000000)
  region size 1024K, 3 young (3072K), 3 survivors (3072K)
 Metaspace       used 50511K, committed 50816K, reserved 1097728K
  class space    used 6272K, committed 6400K, reserved 1048576K
}
Event: 19.785 GC heap before
{Heap before GC invocations=16 (full 0):
 garbage-first heap   total 48128K, used 35817K [0x0000000088c00000, 0x0000000100000000)
  region size 1024K, 16 young (16384K), 3 survivors (3072K)
 Metaspace       used 53807K, committed 54080K, reserved 1097728K
  class space    used 6795K, committed 6912K, reserved 1048576K
}
Event: 19.799 GC heap after
{Heap after GC invocations=17 (full 0):
 garbage-first heap   total 48128K, used 24230K [0x0000000088c00000, 0x0000000100000000)
  region size 1024K, 1 young (1024K), 1 survivors (1024K)
 Metaspace       used 53807K, committed 54080K, reserved 1097728K
  class space    used 6795K, committed 6912K, reserved 1048576K
}
Event: 20.830 GC heap before
{Heap before GC invocations=17 (full 0):
 garbage-first heap   total 48128K, used 36518K [0x0000000088c00000, 0x0000000100000000)
  region size 1024K, 14 young (14336K), 1 survivors (1024K)
 Metaspace       used 55739K, committed 56128K, reserved 1097728K
  class space    used 7055K, committed 7232K, reserved 1048576K
}
Event: 20.836 GC heap after
{Heap after GC invocations=18 (full 0):
 garbage-first heap   total 48128K, used 24567K [0x0000000088c00000, 0x0000000100000000)
  region size 1024K, 2 young (2048K), 2 survivors (2048K)
 Metaspace       used 55739K, committed 56128K, reserved 1097728K
  class space    used 7055K, committed 7232K, reserved 1048576K
}
Event: 21.845 GC heap before
{Heap before GC invocations=19 (full 0):
 garbage-first heap   total 48128K, used 37879K [0x0000000088c00000, 0x0000000100000000)
  region size 1024K, 15 young (15360K), 2 survivors (2048K)
 Metaspace       used 57853K, committed 58240K, reserved 1105920K
  class space    used 7351K, committed 7552K, reserved 1048576K
}
Event: 21.853 GC heap after
{Heap after GC invocations=20 (full 0):
 garbage-first heap   total 48128K, used 25608K [0x0000000088c00000, 0x0000000100000000)
  region size 1024K, 2 young (2048K), 2 survivors (2048K)
 Metaspace       used 57853K, committed 58240K, reserved 1105920K
  class space    used 7351K, committed 7552K, reserved 1048576K
}
Event: 21.931 GC heap before
{Heap before GC invocations=20 (full 0):
 garbage-first heap   total 48128K, used 25608K [0x0000000088c00000, 0x0000000100000000)
  region size 1024K, 3 young (3072K), 2 survivors (2048K)
 Metaspace       used 58223K, committed 58560K, reserved 1105920K
  class space    used 7381K, committed 7552K, reserved 1048576K
}
Event: 21.938 GC heap after
{Heap after GC invocations=21 (full 0):
 garbage-first heap   total 48128K, used 25839K [0x0000000088c00000, 0x0000000100000000)
  region size 1024K, 1 young (1024K), 1 survivors (1024K)
 Metaspace       used 58223K, committed 58560K, reserved 1105920K
  class space    used 7381K, committed 7552K, reserved 1048576K
}
Event: 22.711 GC heap before
{Heap before GC invocations=21 (full 0):
 garbage-first heap   total 48128K, used 39151K [0x0000000088c00000, 0x0000000100000000)
  region size 1024K, 14 young (14336K), 1 survivors (1024K)
 Metaspace       used 59361K, committed 59712K, reserved 1105920K
  class space    used 7567K, committed 7744K, reserved 1048576K
}
Event: 22.717 GC heap after
{Heap after GC invocations=22 (full 0):
 garbage-first heap   total 48128K, used 26625K [0x0000000088c00000, 0x0000000100000000)
  region size 1024K, 2 young (2048K), 2 survivors (2048K)
 Metaspace       used 59361K, committed 59712K, reserved 1105920K
  class space    used 7567K, committed 7744K, reserved 1048576K
}
Event: 23.529 GC heap before
{Heap before GC invocations=23 (full 0):
 garbage-first heap   total 48128K, used 38913K [0x0000000088c00000, 0x0000000100000000)
  region size 1024K, 14 young (14336K), 2 survivors (2048K)
 Metaspace       used 60684K, committed 61056K, reserved 1105920K
  class space    used 7758K, committed 7936K, reserved 1048576K
}
Event: 23.536 GC heap after
{Heap after GC invocations=24 (full 0):
 garbage-first heap   total 48128K, used 27441K [0x0000000088c00000, 0x0000000100000000)
  region size 1024K, 2 young (2048K), 2 survivors (2048K)
 Metaspace       used 60684K, committed 61056K, reserved 1105920K
  class space    used 7758K, committed 7936K, reserved 1048576K
}
Event: 23.715 GC heap before
{Heap before GC invocations=24 (full 0):
 garbage-first heap   total 48128K, used 38705K [0x0000000088c00000, 0x0000000100000000)
  region size 1024K, 13 young (13312K), 2 survivors (2048K)
 Metaspace       used 60797K, committed 61120K, reserved 1105920K
  class space    used 7764K, committed 7936K, reserved 1048576K
}
Event: 23.727 GC heap after
{Heap after GC invocations=25 (full 0):
 garbage-first heap   total 48128K, used 27790K [0x0000000088c00000, 0x0000000100000000)
  region size 1024K, 2 young (2048K), 2 survivors (2048K)
 Metaspace       used 60797K, committed 61120K, reserved 1105920K
  class space    used 7764K, committed 7936K, reserved 1048576K
}
Event: 24.250 GC heap before
{Heap before GC invocations=26 (full 0):
 garbage-first heap   total 50176K, used 39054K [0x0000000088c00000, 0x0000000100000000)
  region size 1024K, 13 young (13312K), 2 survivors (2048K)
 Metaspace       used 61826K, committed 62208K, reserved 1105920K
  class space    used 7894K, committed 8064K, reserved 1048576K
}
Event: 24.260 GC heap after
{Heap after GC invocations=27 (full 0):
 garbage-first heap   total 50176K, used 28262K [0x0000000088c00000, 0x0000000100000000)
  region size 1024K, 1 young (1024K), 1 survivors (1024K)
 Metaspace       used 61826K, committed 62208K, reserved 1105920K
  class space    used 7894K, committed 8064K, reserved 1048576K
}
Event: 25.372 GC heap before
{Heap before GC invocations=27 (full 0):
 garbage-first heap   total 50176K, used 41574K [0x0000000088c00000, 0x0000000100000000)
  region size 1024K, 14 young (14336K), 1 survivors (1024K)
 Metaspace       used 63738K, committed 64064K, reserved 1105920K
  class space    used 8195K, committed 8384K, reserved 1048576K
}
Event: 25.382 GC heap after
{Heap after GC invocations=28 (full 0):
 garbage-first heap   total 64512K, used 29696K [0x0000000088c00000, 0x0000000100000000)
  region size 1024K, 2 young (2048K), 2 survivors (2048K)
 Metaspace       used 63738K, committed 64064K, reserved 1105920K
  class space    used 8195K, committed 8384K, reserved 1048576K
}

